2019-12-08 17:09:02 INFO  UserClient:40 - Visit URL: https://reqres.in/api/users
2019-12-08 17:09:02 INFO  UserClient:51 - Visit URL: https://reqres.in/api/users
2019-12-08 17:09:02 INFO  UserClient:19 - Visit URL: https://reqres.in/api/users
2019-12-08 17:09:04 INFO  UserClient:56 - Delete user with id: 8
2019-12-08 17:09:04 INFO  UserClient:45 - Get user with id: 888
2019-12-08 17:09:04 INFO  UserClient:23 - Create user with name: Olga and job: accountant
2019-12-08 17:09:06 INFO  UserClient:40 - Visit URL: https://reqres.in/api/users
2019-12-08 17:09:06 INFO  UserClient:45 - Get user with id: 8
2019-12-08 17:09:06 INFO  ResourceClient:35 - Get all resources.....
2019-12-08 17:09:06 INFO  ResourceClient:19 - Visit URL: https://reqres.in/api/unknown
2019-12-08 17:09:06 INFO  ResourceClient:25 - Search resource with id:  8
2019-12-08 17:09:06 INFO  ResourceClient:19 - Visit URL: https://reqres.in/api/unknown
2019-12-08 17:09:06 INFO  ResourceClient:25 - Search resource with id:  1111
2019-12-08 17:09:06 INFO  UserClient:40 - Visit URL: https://reqres.in/api/users
2019-12-08 17:09:06 INFO  UserClient:45 - Get user with id: 8
2019-12-08 17:09:06 INFO  LoginUserClient:19 - Visit URL: https://reqres.in/api/login
2019-12-08 17:09:06 INFO  LoginUserClient:24 - Execute user login using credential: Olga@gmail.com and password: null
2019-12-08 17:09:06 INFO  RegisterClient:20 - Visit URL: https://reqres.in/api/register
2019-12-08 17:09:06 INFO  RegisterClient:25 - Register user using credential: email Olga@gmail.com, and user password: null
2019-12-08 17:09:06 INFO  LoginUserBO:29 - Get error message: Missing password
2019-12-08 17:09:07 INFO  RegisterBO:28 - Get error message: Missing password
2019-12-08 17:09:07 INFO  UserClient:62 - Visit URL: https://reqres.in/api/users
2019-12-08 17:09:07 INFO  UserClient:67 - Update user with id: 8 with such info: JobUser(name=Volodia, job=developer)
2019-12-08 17:09:07 INFO  UserClient:40 - Visit URL: https://reqres.in/api/users
2019-12-08 17:09:07 INFO  UserClient:45 - Get user with id: 8
2019-12-08 17:14:24 INFO  UserClient:19 - Visit URL: https://reqres.in/api/users
2019-12-08 17:14:24 INFO  UserClient:51 - Visit URL: https://reqres.in/api/users
2019-12-08 17:14:24 INFO  UserClient:40 - Visit URL: https://reqres.in/api/users
2019-12-08 17:14:26 INFO  UserClient:23 - Create user with name: Olga and job: accountant
2019-12-08 17:14:26 INFO  UserClient:45 - Get user with id: 888
2019-12-08 17:14:26 INFO  UserClient:56 - Delete user with id: 8
2019-12-08 17:14:27 INFO  UserClient:40 - Visit URL: https://reqres.in/api/users
2019-12-08 17:14:27 INFO  UserClient:45 - Get user with id: 8
2019-12-08 17:14:28 INFO  ResourceClient:35 - Get all resources.....
2019-12-08 17:14:28 INFO  ResourceClient:19 - Visit URL: https://reqres.in/api/unknown
2019-12-08 17:14:28 INFO  ResourceClient:25 - Search resource with id:  8
2019-12-08 17:14:28 INFO  ResourceClient:19 - Visit URL: https://reqres.in/api/unknown
2019-12-08 17:14:28 INFO  ResourceClient:25 - Search resource with id:  1111
2019-12-08 17:14:28 INFO  UserClient:40 - Visit URL: https://reqres.in/api/users
2019-12-08 17:14:28 INFO  UserClient:45 - Get user with id: 8
2019-12-08 17:14:28 INFO  LoginUserClient:19 - Visit URL: https://reqres.in/api/login
2019-12-08 17:14:28 INFO  LoginUserClient:24 - Execute user login using credential: Olga@gmail.com and password: null
2019-12-08 17:14:28 INFO  RegisterClient:20 - Visit URL: https://reqres.in/api/register
2019-12-08 17:14:28 INFO  RegisterClient:25 - Register user using credential: email Olga@gmail.com, and user password: null
2019-12-08 17:14:28 INFO  LoginUserBO:29 - Get error message: Missing password
2019-12-08 17:14:28 INFO  RegisterBO:28 - Get error message: Missing password
2019-12-08 17:14:29 INFO  UserClient:62 - Visit URL: https://reqres.in/api/users
2019-12-08 17:14:29 INFO  UserClient:67 - Update user with id: 8 with such info: JobUser(name=Volodia, job=developer)
2019-12-08 17:14:29 INFO  UserClient:40 - Visit URL: https://reqres.in/api/users
2019-12-08 17:14:29 INFO  UserClient:45 - Get user with id: 8
2019-12-08 17:19:00 INFO  UserClient:40 - Visit URL: https://reqres.in/api/users
2019-12-08 17:19:00 INFO  UserClient:51 - Visit URL: https://reqres.in/api/users
2019-12-08 17:19:00 INFO  UserClient:19 - Visit URL: https://reqres.in/api/users
2019-12-08 17:19:02 INFO  UserClient:45 - Get user with id: 888
2019-12-08 17:19:02 INFO  UserClient:56 - Delete user with id: 8
2019-12-08 17:19:02 INFO  UserClient:23 - Create user with name: Olga and job: accountant
2019-12-08 17:19:03 INFO  UserClient:40 - Visit URL: https://reqres.in/api/users
2019-12-08 17:19:03 INFO  UserClient:45 - Get user with id: 8
2019-12-08 17:19:03 INFO  ResourceClient:35 - Get all resources.....
2019-12-08 17:19:03 INFO  ResourceClient:19 - Visit URL: https://reqres.in/api/unknown
2019-12-08 17:19:03 INFO  ResourceClient:25 - Search resource with id:  8
2019-12-08 17:19:04 INFO  ResourceClient:19 - Visit URL: https://reqres.in/api/unknown
2019-12-08 17:19:04 INFO  ResourceClient:25 - Search resource with id:  1111
2019-12-08 17:19:04 INFO  UserClient:40 - Visit URL: https://reqres.in/api/users
2019-12-08 17:19:04 INFO  UserClient:45 - Get user with id: 8
2019-12-08 17:19:04 INFO  LoginUserClient:19 - Visit URL: https://reqres.in/api/login
2019-12-08 17:19:04 INFO  LoginUserClient:24 - Execute user login using credential: Olga@gmail.com and password: null
2019-12-08 17:19:04 INFO  RegisterClient:20 - Visit URL: https://reqres.in/api/register
2019-12-08 17:19:04 INFO  RegisterClient:25 - Register user using credential: email Olga@gmail.com, and user password: null
2019-12-08 17:19:04 INFO  LoginUserBO:29 - Get error message: Missing password
2019-12-08 17:19:04 INFO  RegisterBO:28 - Get error message: Missing password
2019-12-08 17:19:04 INFO  UserClient:62 - Visit URL: https://reqres.in/api/users
2019-12-08 17:19:04 INFO  UserClient:67 - Update user with id: 8 with such info: JobUser(name=Volodia, job=developer)
2019-12-08 17:19:05 INFO  UserClient:40 - Visit URL: https://reqres.in/api/users
2019-12-08 17:19:05 INFO  UserClient:45 - Get user with id: 8
2019-12-08 17:20:38 INFO  UserClient:19 - Visit URL: https://reqres.in/api/users
2019-12-08 17:20:38 INFO  UserClient:51 - Visit URL: https://reqres.in/api/users
2019-12-08 17:20:38 INFO  UserClient:40 - Visit URL: https://reqres.in/api/users
2019-12-08 17:20:39 INFO  UserClient:56 - Delete user with id: 8
2019-12-08 17:20:39 INFO  UserClient:23 - Create user with name: Olga and job: accountant
2019-12-08 17:20:39 INFO  UserClient:45 - Get user with id: 888
2019-12-08 17:20:40 INFO  UserClient:40 - Visit URL: https://reqres.in/api/users
2019-12-08 17:20:40 INFO  UserClient:45 - Get user with id: 8
2019-12-08 17:20:40 INFO  ResourceClient:35 - Get all resources.....
2019-12-08 17:20:41 INFO  ResourceClient:19 - Visit URL: https://reqres.in/api/unknown
2019-12-08 17:20:41 INFO  ResourceClient:25 - Search resource with id:  8
2019-12-08 17:20:41 INFO  RegisterClient:20 - Visit URL: https://reqres.in/api/register
2019-12-08 17:20:41 INFO  RegisterClient:25 - Register user using credential: email eve.holt@reqres.in, and user password: pistol
2019-12-08 17:20:41 INFO  ResourceClient:19 - Visit URL: https://reqres.in/api/unknown
2019-12-08 17:20:41 INFO  ResourceClient:25 - Search resource with id:  1111
2019-12-08 17:20:41 INFO  UserClient:40 - Visit URL: https://reqres.in/api/users
2019-12-08 17:20:41 INFO  UserClient:45 - Get user with id: 8
2019-12-08 17:20:41 INFO  LoginUserClient:19 - Visit URL: https://reqres.in/api/login
2019-12-08 17:20:41 INFO  LoginUserClient:24 - Execute user login using credential: eve.holt@reqres.in and password: pistol
2019-12-08 17:20:41 INFO  UserClient:29 - Visit URL: https://reqres.in/api/users
2019-12-08 17:20:41 INFO  UserClient:34 - Get 1 part of users.....
2019-12-08 17:20:41 INFO  UserClient:29 - Visit URL: https://reqres.in/api/users
2019-12-08 17:20:41 INFO  UserClient:34 - Get 2 part of users.....
2019-12-08 17:20:41 INFO  LoginUserClient:19 - Visit URL: https://reqres.in/api/login
2019-12-08 17:20:41 INFO  LoginUserClient:24 - Execute user login using credential: Olga@gmail.com and password: null
2019-12-08 17:20:42 INFO  LoginUserBO:29 - Get error message: Missing password
2019-12-08 17:20:42 INFO  RegisterClient:20 - Visit URL: https://reqres.in/api/register
2019-12-08 17:20:42 INFO  RegisterClient:25 - Register user using credential: email Olga@gmail.com, and user password: null
2019-12-08 17:20:42 INFO  UserClient:62 - Visit URL: https://reqres.in/api/users
2019-12-08 17:20:42 INFO  UserClient:67 - Update user with id: 8 with such info: JobUser(name=Volodia, job=developer)
2019-12-08 17:20:42 INFO  RegisterBO:28 - Get error message: Missing password
2019-12-08 17:20:42 INFO  UserClient:40 - Visit URL: https://reqres.in/api/users
2019-12-08 17:20:42 INFO  UserClient:45 - Get user with id: 8
2019-12-08 17:45:53 INFO  UserClient:19 - Visit URL: https://reqres.in/api/users
2019-12-08 17:45:54 INFO  UserClient:23 - Create user with name: Olga and job: accountant
2019-12-08 17:45:56 INFO  RegisterClient:20 - Visit URL: https://reqres.in/api/register
2019-12-08 17:45:56 INFO  RegisterClient:25 - Register user using credential: email eve.holt@reqres.in, and user password: pistol
2019-12-08 17:45:56 INFO  LoginUserClient:19 - Visit URL: https://reqres.in/api/login
2019-12-08 17:45:56 INFO  LoginUserClient:24 - Execute user login using credential: eve.holt@reqres.in and password: pistol
2019-12-08 17:48:42 INFO  UserClient:19 - Visit URL: https://reqres.in/api/users
2019-12-08 17:48:43 INFO  UserClient:23 - Create user with name: Olga and job: accountant
2019-12-08 17:48:45 INFO  RegisterClient:20 - Visit URL: https://reqres.in/api/register
2019-12-08 17:48:45 INFO  RegisterClient:25 - Register user using credential: email eve.holt@reqres.in, and user password: pistol
2019-12-08 17:48:46 INFO  LoginUserClient:19 - Visit URL: https://reqres.in/api/login
2019-12-08 17:48:46 INFO  LoginUserClient:24 - Execute user login using credential: eve.holt@reqres.in and password: pistol
2019-12-08 17:50:21 INFO  UserClient:19 - Visit URL: https://reqres.in/api/users
2019-12-08 17:50:22 INFO  UserClient:23 - Create user with name: Olga and job: accountant
2019-12-08 17:50:24 INFO  RegisterClient:20 - Visit URL: https://reqres.in/api/register
2019-12-08 17:50:24 INFO  RegisterClient:25 - Register user using credential: email eve.holt@reqres.in, and user password: pistol
2019-12-08 17:50:25 INFO  LoginUserClient:19 - Visit URL: https://reqres.in/api/login
2019-12-08 17:50:25 INFO  LoginUserClient:24 - Execute user login using credential: eve.holt@reqres.in and password: pistol
2019-12-08 17:58:13 INFO  UserClient:51 - Visit URL: https://reqres.in/api/users
2019-12-08 17:58:13 INFO  UserClient:19 - Visit URL: https://reqres.in/api/users
2019-12-08 17:58:13 INFO  UserClient:40 - Visit URL: https://reqres.in/api/users
2019-12-08 17:58:14 INFO  UserClient:23 - Create user with name: Olga and job: accountant
2019-12-08 17:58:14 INFO  UserClient:45 - Get user with id: 888
2019-12-08 17:58:14 INFO  UserClient:56 - Delete user with id: 8
2019-12-08 17:58:15 INFO  UserClient:40 - Visit URL: https://reqres.in/api/users
2019-12-08 17:58:15 INFO  UserClient:45 - Get user with id: 8
2019-12-08 17:58:16 INFO  ResourceClient:35 - Get all resources.....
2019-12-08 17:58:16 INFO  RegisterClient:20 - Visit URL: https://reqres.in/api/register
2019-12-08 17:58:16 INFO  RegisterClient:25 - Register user using credential: email eve.holt@reqres.in, and user password: pistol
2019-12-08 17:58:16 INFO  ResourceClient:19 - Visit URL: https://reqres.in/api/unknown
2019-12-08 17:58:16 INFO  ResourceClient:19 - Visit URL: https://reqres.in/api/unknown
2019-12-08 17:58:16 INFO  ResourceClient:25 - Search resource with id:  8
2019-12-08 17:58:16 INFO  ResourceClient:25 - Search resource with id:  1111
2019-12-08 17:58:16 INFO  LoginUserClient:19 - Visit URL: https://reqres.in/api/login
2019-12-08 17:58:16 INFO  LoginUserClient:24 - Execute user login using credential: eve.holt@reqres.in and password: pistol
2019-12-08 17:58:16 INFO  UserClient:40 - Visit URL: https://reqres.in/api/users
2019-12-08 17:58:16 INFO  UserClient:45 - Get user with id: 8
2019-12-08 17:58:16 INFO  UserClient:29 - Visit URL: https://reqres.in/api/users
2019-12-08 17:58:16 INFO  UserClient:34 - Get 1 part of users.....
2019-12-08 17:58:16 INFO  LoginUserClient:19 - Visit URL: https://reqres.in/api/login
2019-12-08 17:58:16 INFO  LoginUserClient:24 - Execute user login using credential: Olga@gmail.com and password: null
2019-12-08 17:58:16 INFO  UserClient:29 - Visit URL: https://reqres.in/api/users
2019-12-08 17:58:16 INFO  UserClient:34 - Get 2 part of users.....
2019-12-08 17:58:16 INFO  LoginUserBO:29 - Get error message: Missing password
2019-12-08 17:58:17 INFO  RegisterClient:20 - Visit URL: https://reqres.in/api/register
2019-12-08 17:58:17 INFO  RegisterClient:25 - Register user using credential: email Olga@gmail.com, and user password: null
2019-12-08 17:58:17 INFO  UserClient:62 - Visit URL: https://reqres.in/api/users
2019-12-08 17:58:17 INFO  UserClient:67 - Update user with id: 8 with such info: JobUser(name=Volodia, job=developer)
2019-12-08 17:58:17 INFO  RegisterBO:28 - Get error message: Missing password
2019-12-08 17:58:17 INFO  UserClient:40 - Visit URL: https://reqres.in/api/users
2019-12-08 17:58:17 INFO  UserClient:45 - Get user with id: 8
2019-12-08 18:02:18 INFO  UserClient:40 - Visit URL: https://reqres.in/api/users
2019-12-08 18:02:18 INFO  UserClient:19 - Visit URL: https://reqres.in/api/users
2019-12-08 18:02:18 INFO  UserClient:51 - Visit URL: https://reqres.in/api/users
2019-12-08 18:02:19 INFO  UserClient:56 - Delete user with id: 8
2019-12-08 18:02:19 INFO  UserClient:45 - Get user with id: 888
2019-12-08 18:02:19 INFO  UserClient:23 - Create user with name: Olga and job: accountant
2019-12-08 18:02:20 INFO  UserClient:40 - Visit URL: https://reqres.in/api/users
2019-12-08 18:02:20 INFO  UserClient:45 - Get user with id: 8
2019-12-08 18:02:21 INFO  ResourceClient:35 - Get all resources.....
2019-12-08 18:02:22 INFO  ResourceClient:19 - Visit URL: https://reqres.in/api/unknown
2019-12-08 18:02:22 INFO  ResourceClient:25 - Search resource with id:  8
2019-12-08 18:02:22 INFO  RegisterClient:20 - Visit URL: https://reqres.in/api/register
2019-12-08 18:02:22 INFO  RegisterClient:25 - Register user using credential: email eve.holt@reqres.in, and user password: pistol
2019-12-08 18:02:22 INFO  ResourceClient:19 - Visit URL: https://reqres.in/api/unknown
2019-12-08 18:02:22 INFO  ResourceClient:25 - Search resource with id:  1111
2019-12-08 18:02:22 INFO  UserClient:40 - Visit URL: https://reqres.in/api/users
2019-12-08 18:02:22 INFO  UserClient:45 - Get user with id: 8
2019-12-08 18:02:22 INFO  LoginUserClient:19 - Visit URL: https://reqres.in/api/login
2019-12-08 18:02:22 INFO  LoginUserClient:24 - Execute user login using credential: eve.holt@reqres.in and password: pistol
2019-12-08 18:02:22 INFO  UserClient:29 - Visit URL: https://reqres.in/api/users
2019-12-08 18:02:22 INFO  UserClient:34 - Get 1 part of users.....
2019-12-08 18:02:22 INFO  UserClient:29 - Visit URL: https://reqres.in/api/users
2019-12-08 18:02:22 INFO  UserClient:34 - Get 2 part of users.....
2019-12-08 18:02:22 INFO  LoginUserClient:19 - Visit URL: https://reqres.in/api/login
2019-12-08 18:02:22 INFO  LoginUserClient:24 - Execute user login using credential: Olga@gmail.com and password: null
2019-12-08 18:02:23 INFO  LoginUserBO:29 - Get error message: Missing password
2019-12-08 18:02:23 INFO  RegisterClient:20 - Visit URL: https://reqres.in/api/register
2019-12-08 18:02:23 INFO  RegisterClient:25 - Register user using credential: email Olga@gmail.com, and user password: null
2019-12-08 18:02:23 INFO  UserClient:62 - Visit URL: https://reqres.in/api/users
2019-12-08 18:02:23 INFO  UserClient:67 - Update user with id: 8 with such info: JobUser(name=Volodia, job=developer)
2019-12-08 18:02:23 INFO  RegisterBO:28 - Get error message: Missing password
2019-12-08 18:02:23 INFO  UserClient:40 - Visit URL: https://reqres.in/api/users
2019-12-08 18:02:23 INFO  UserClient:45 - Get user with id: 8
2019-12-08 18:04:14 INFO  UserClient:51 - Visit URL: https://reqres.in/api/users
2019-12-08 18:04:14 INFO  UserClient:40 - Visit URL: https://reqres.in/api/users
2019-12-08 18:04:14 INFO  UserClient:19 - Visit URL: https://reqres.in/api/users
2019-12-08 18:04:16 INFO  UserClient:56 - Delete user with id: 8
2019-12-08 18:04:16 INFO  UserClient:23 - Create user with name: Olga and job: accountant
2019-12-08 18:04:16 INFO  UserClient:45 - Get user with id: 888
2019-12-08 18:04:17 INFO  UserClient:40 - Visit URL: https://reqres.in/api/users
2019-12-08 18:04:17 INFO  UserClient:45 - Get user with id: 8
2019-12-08 18:04:17 INFO  ResourceClient:35 - Get all resources.....
2019-12-08 18:04:18 INFO  RegisterClient:20 - Visit URL: https://reqres.in/api/register
2019-12-08 18:04:18 INFO  RegisterClient:25 - Register user using credential: email eve.holt@reqres.in, and user password: pistol
2019-12-08 18:04:18 INFO  ResourceClient:19 - Visit URL: https://reqres.in/api/unknown
2019-12-08 18:04:18 INFO  ResourceClient:25 - Search resource with id:  8
2019-12-08 18:04:18 INFO  ResourceClient:19 - Visit URL: https://reqres.in/api/unknown
2019-12-08 18:04:18 INFO  ResourceClient:25 - Search resource with id:  1111
2019-12-08 18:04:18 INFO  LoginUserClient:19 - Visit URL: https://reqres.in/api/login
2019-12-08 18:04:18 INFO  LoginUserClient:24 - Execute user login using credential: eve.holt@reqres.in and password: pistol
2019-12-08 18:04:18 INFO  UserClient:40 - Visit URL: https://reqres.in/api/users
2019-12-08 18:04:18 INFO  UserClient:45 - Get user with id: 8
2019-12-08 18:04:18 INFO  UserClient:29 - Visit URL: https://reqres.in/api/users
2019-12-08 18:04:18 INFO  UserClient:34 - Get 1 part of users.....
2019-12-08 18:04:18 INFO  UserClient:29 - Visit URL: https://reqres.in/api/users
2019-12-08 18:04:18 INFO  UserClient:34 - Get 2 part of users.....
2019-12-08 18:04:18 INFO  LoginUserClient:19 - Visit URL: https://reqres.in/api/login
2019-12-08 18:04:18 INFO  LoginUserClient:24 - Execute user login using credential: Olga@gmail.com and password: null
2019-12-08 18:04:19 INFO  LoginUserBO:29 - Get error message: Missing password
2019-12-08 18:04:19 INFO  RegisterClient:20 - Visit URL: https://reqres.in/api/register
2019-12-08 18:04:19 INFO  RegisterClient:25 - Register user using credential: email Olga@gmail.com, and user password: null
2019-12-08 18:04:19 INFO  UserClient:62 - Visit URL: https://reqres.in/api/users
2019-12-08 18:04:19 INFO  UserClient:67 - Update user with id: 8 with such info: JobUser(name=Volodia, job=developer)
2019-12-08 18:04:19 INFO  RegisterBO:28 - Get error message: Missing password
2019-12-08 18:04:19 INFO  UserClient:40 - Visit URL: https://reqres.in/api/users
2019-12-08 18:04:19 INFO  UserClient:45 - Get user with id: 8
2019-12-08 18:06:02 INFO  UserClient:19 - Visit URL: https://reqres.in/api/users
2019-12-08 18:06:02 INFO  UserClient:51 - Visit URL: https://reqres.in/api/users
2019-12-08 18:06:02 INFO  UserClient:40 - Visit URL: https://reqres.in/api/users
2019-12-08 18:06:03 INFO  UserClient:23 - Create user with name: Olga and job: accountant
2019-12-08 18:06:03 INFO  UserClient:45 - Get user with id: 888
2019-12-08 18:06:03 INFO  UserClient:56 - Delete user with id: 8
2019-12-08 18:06:05 INFO  UserClient:40 - Visit URL: https://reqres.in/api/users
2019-12-08 18:06:05 INFO  UserClient:45 - Get user with id: 8
2019-12-08 18:06:05 INFO  ResourceClient:35 - Get all resources.....
2019-12-08 18:06:06 INFO  RegisterClient:20 - Visit URL: https://reqres.in/api/register
2019-12-08 18:06:06 INFO  RegisterClient:25 - Register user using credential: email eve.holt@reqres.in, and user password: pistol
2019-12-08 18:06:06 INFO  ResourceClient:19 - Visit URL: https://reqres.in/api/unknown
2019-12-08 18:06:06 INFO  ResourceClient:25 - Search resource with id:  8
2019-12-08 18:06:06 INFO  LoginUserClient:19 - Visit URL: https://reqres.in/api/login
2019-12-08 18:06:06 INFO  LoginUserClient:24 - Execute user login using credential: eve.holt@reqres.in and password: pistol
2019-12-08 18:06:06 INFO  ResourceClient:19 - Visit URL: https://reqres.in/api/unknown
2019-12-08 18:06:06 INFO  ResourceClient:25 - Search resource with id:  1111
2019-12-08 18:06:06 INFO  UserClient:40 - Visit URL: https://reqres.in/api/users
2019-12-08 18:06:06 INFO  UserClient:45 - Get user with id: 8
2019-12-08 18:06:06 INFO  UserClient:29 - Visit URL: https://reqres.in/api/users
2019-12-08 18:06:06 INFO  UserClient:34 - Get 1 part of users.....
2019-12-08 18:06:06 INFO  LoginUserClient:19 - Visit URL: https://reqres.in/api/login
2019-12-08 18:06:06 INFO  LoginUserClient:24 - Execute user login using credential: Olga@gmail.com and password: null
2019-12-08 18:06:06 INFO  UserClient:29 - Visit URL: https://reqres.in/api/users
2019-12-08 18:06:06 INFO  UserClient:34 - Get 2 part of users.....
2019-12-08 18:06:06 INFO  LoginUserBO:29 - Get error message: Missing password
2019-12-08 18:06:07 INFO  RegisterClient:20 - Visit URL: https://reqres.in/api/register
2019-12-08 18:06:07 INFO  RegisterClient:25 - Register user using credential: email Olga@gmail.com, and user password: null
2019-12-08 18:06:07 INFO  UserClient:62 - Visit URL: https://reqres.in/api/users
2019-12-08 18:06:07 INFO  UserClient:67 - Update user with id: 8 with such info: JobUser(name=Volodia, job=developer)
2019-12-08 18:06:07 INFO  RegisterBO:28 - Get error message: Missing password
2019-12-08 18:06:07 INFO  UserClient:40 - Visit URL: https://reqres.in/api/users
2019-12-08 18:06:07 INFO  UserClient:45 - Get user with id: 8
2019-12-08 18:21:20 INFO  ResourceClient:19 - Visit URL: https://reqres.in/api/unknown
2019-12-08 18:21:21 INFO  ResourceClient:25 - Search resource with id:  1111
2019-12-08 18:22:13 INFO  ResourceClient:19 - Visit URL: https://reqres.in/api/unknown
2019-12-08 18:22:14 INFO  ResourceClient:25 - Search resource with id:  1111
2019-12-08 18:23:18 INFO  ResourceClient:19 - Visit URL: https://reqres.in/api/unknown
2019-12-08 18:23:19 INFO  ResourceClient:25 - Search resource with id:  1111
2019-12-08 18:26:59 INFO  ResourceClient:19 - Visit URL: https://reqres.in/api/unknown
2019-12-08 18:27:00 INFO  ResourceClient:25 - Search resource with id:  1111
2019-12-08 18:32:41 INFO  ResourceClient:19 - Visit URL: https://reqres.in/api/unknown
2019-12-08 18:32:43 INFO  ResourceClient:25 - Search resource with id:  1111
2019-12-08 18:35:03 INFO  ResourceClient:19 - Visit URL: https://reqres.in/api/unknown
2019-12-08 18:35:32 INFO  ResourceClient:25 - Search resource with id:  1111
2019-12-08 18:43:06 INFO  UserClient:19 - Visit URL: https://reqres.in/api/users
2019-12-08 18:43:06 INFO  UserClient:40 - Visit URL: https://reqres.in/api/users
2019-12-08 18:43:06 INFO  UserClient:51 - Visit URL: https://reqres.in/api/users
2019-12-08 18:43:08 INFO  UserClient:23 - Create user with name: Olga and job: accountant
2019-12-08 18:43:08 INFO  UserClient:45 - Get user with id: 888
2019-12-08 18:43:08 INFO  UserClient:56 - Delete user with id: 8
2019-12-08 18:43:10 INFO  UserClient:40 - Visit URL: https://reqres.in/api/users
2019-12-08 18:43:10 INFO  UserClient:45 - Get user with id: 8
2019-12-08 18:43:10 INFO  ResourceClient:35 - Get all resources.....
2019-12-08 18:43:11 INFO  RegisterClient:20 - Visit URL: https://reqres.in/api/register
2019-12-08 18:43:11 INFO  RegisterClient:25 - Register user using credential: email eve.holt@reqres.in, and user password: pistol
2019-12-08 18:43:11 INFO  ResourceClient:19 - Visit URL: https://reqres.in/api/unknown
2019-12-08 18:43:11 INFO  ResourceClient:25 - Search resource with id:  8
2019-12-08 18:43:11 INFO  ResourceClient:19 - Visit URL: https://reqres.in/api/unknown
2019-12-08 18:43:11 INFO  ResourceClient:25 - Search resource with id:  1111
2019-12-08 18:43:11 INFO  LoginUserClient:19 - Visit URL: https://reqres.in/api/login
2019-12-08 18:43:11 INFO  LoginUserClient:24 - Execute user login using credential: eve.holt@reqres.in and password: pistol
2019-12-08 18:43:11 INFO  UserClient:40 - Visit URL: https://reqres.in/api/users
2019-12-08 18:43:11 INFO  UserClient:45 - Get user with id: 8
2019-12-08 18:43:11 INFO  LoginUserClient:19 - Visit URL: https://reqres.in/api/login
2019-12-08 18:43:11 INFO  LoginUserClient:24 - Execute user login using credential: Olga@gmail.com and password: null
2019-12-08 18:43:11 INFO  UserClient:29 - Visit URL: https://reqres.in/api/users
2019-12-08 18:43:11 INFO  UserClient:34 - Get 1 part of users.....
2019-12-08 18:43:11 INFO  LoginUserBO:29 - Get error message: Missing password
2019-12-08 18:43:12 INFO  UserClient:29 - Visit URL: https://reqres.in/api/users
2019-12-08 18:43:12 INFO  UserClient:34 - Get 2 part of users.....
2019-12-08 18:43:12 INFO  RegisterClient:20 - Visit URL: https://reqres.in/api/register
2019-12-08 18:43:12 INFO  RegisterClient:25 - Register user using credential: email Olga@gmail.com, and user password: null
2019-12-08 18:43:12 INFO  UserClient:62 - Visit URL: https://reqres.in/api/users
2019-12-08 18:43:12 INFO  UserClient:67 - Update user with id: 8 with such info: JobUser(name=Volodia, job=developer)
2019-12-08 18:43:12 INFO  RegisterBO:28 - Get error message: Missing password
2019-12-08 18:43:12 INFO  UserClient:40 - Visit URL: https://reqres.in/api/users
2019-12-08 18:43:12 INFO  UserClient:45 - Get user with id: 8
2019-12-08 19:01:12 INFO  UserClient:51 - Visit URL: https://reqres.in/api/users
2019-12-08 19:01:12 INFO  UserClient:19 - Visit URL: https://reqres.in/api/users
2019-12-08 19:01:12 INFO  UserClient:40 - Visit URL: https://reqres.in/api/users
2019-12-08 19:01:13 INFO  UserClient:56 - Delete user with id: 8
2019-12-08 19:01:13 INFO  UserClient:23 - Create user with name: Olga and job: accountant
2019-12-08 19:01:13 INFO  UserClient:45 - Get user with id: 888
2019-12-08 19:01:15 INFO  UserClient:40 - Visit URL: https://reqres.in/api/users
2019-12-08 19:01:15 INFO  UserClient:45 - Get user with id: 8
2019-12-08 19:01:15 INFO  ResourceClient:35 - Get all resources.....
2019-12-08 19:01:16 INFO  RegisterClient:20 - Visit URL: https://reqres.in/api/register
2019-12-08 19:01:16 INFO  RegisterClient:25 - Register user using credential: email eve.holt@reqres.in, and user password: pistol
2019-12-08 19:01:16 INFO  ResourceClient:19 - Visit URL: https://reqres.in/api/unknown
2019-12-08 19:01:16 INFO  ResourceClient:25 - Search resource with id:  8
2019-12-08 19:01:16 INFO  ResourceClient:19 - Visit URL: https://reqres.in/api/unknown
2019-12-08 19:01:16 INFO  ResourceClient:25 - Search resource with id:  1111
2019-12-08 19:01:17 INFO  UserClient:40 - Visit URL: https://reqres.in/api/users
2019-12-08 19:01:17 INFO  LoginUserClient:19 - Visit URL: https://reqres.in/api/login
2019-12-08 19:01:17 INFO  LoginUserClient:24 - Execute user login using credential: eve.holt@reqres.in and password: pistol
2019-12-08 19:01:17 INFO  UserClient:45 - Get user with id: 8
2019-12-08 19:01:17 INFO  UserClient:29 - Visit URL: https://reqres.in/api/users
2019-12-08 19:01:17 INFO  UserClient:34 - Get 1 part of users.....
2019-12-08 19:01:17 INFO  LoginUserClient:19 - Visit URL: https://reqres.in/api/login
2019-12-08 19:01:17 INFO  LoginUserClient:24 - Execute user login using credential: Olga@gmail.com and password: null
2019-12-08 19:01:17 INFO  UserClient:29 - Visit URL: https://reqres.in/api/users
2019-12-08 19:01:17 INFO  UserClient:34 - Get 2 part of users.....
2019-12-08 19:01:17 INFO  LoginUserBO:29 - Get error message: Missing password
2019-12-08 19:01:18 INFO  RegisterClient:20 - Visit URL: https://reqres.in/api/register
2019-12-08 19:01:18 INFO  RegisterClient:25 - Register user using credential: email Olga@gmail.com, and user password: null
2019-12-08 19:01:18 INFO  UserClient:62 - Visit URL: https://reqres.in/api/users
2019-12-08 19:01:18 INFO  UserClient:67 - Update user with id: 8 with such info: JobUser(name=Volodia, job=developer)
2019-12-08 19:01:18 INFO  RegisterBO:28 - Get error message: Missing password
2019-12-08 19:01:18 INFO  UserClient:40 - Visit URL: https://reqres.in/api/users
2019-12-08 19:01:18 INFO  UserClient:45 - Get user with id: 8
2019-12-08 19:16:07 INFO  UserClient:19 - Visit URL: https://reqres.in/api/users
2019-12-08 19:16:07 INFO  UserClient:51 - Visit URL: https://reqres.in/api/users
2019-12-08 19:16:07 INFO  UserClient:40 - Visit URL: https://reqres.in/api/users
2019-12-08 19:16:09 INFO  UserClient:23 - Create user with name: Olga and job: accountant
2019-12-08 19:16:09 INFO  UserClient:56 - Delete user with id: 8
2019-12-08 19:16:09 INFO  UserClient:45 - Get user with id: 888
2019-12-08 19:16:10 INFO  UserClient:40 - Visit URL: https://reqres.in/api/users
2019-12-08 19:16:10 INFO  UserClient:45 - Get user with id: 8
2019-12-08 19:16:10 INFO  ResourceClient:35 - Get all resources.....
2019-12-08 19:16:11 INFO  ResourceClient:19 - Visit URL: https://reqres.in/api/unknown
2019-12-08 19:16:11 INFO  ResourceClient:25 - Search resource with id:  8
2019-12-08 19:16:11 INFO  RegisterClient:20 - Visit URL: https://reqres.in/api/register
2019-12-08 19:16:11 INFO  RegisterClient:25 - Register user using credential: email eve.holt@reqres.in, and user password: pistol
2019-12-08 19:16:11 INFO  ResourceClient:19 - Visit URL: https://reqres.in/api/unknown
2019-12-08 19:16:11 INFO  ResourceClient:25 - Search resource with id:  1111
2019-12-08 19:16:11 INFO  UserClient:40 - Visit URL: https://reqres.in/api/users
2019-12-08 19:16:11 INFO  UserClient:45 - Get user with id: 8
2019-12-08 19:16:11 INFO  LoginUserClient:19 - Visit URL: https://reqres.in/api/login
2019-12-08 19:16:11 INFO  LoginUserClient:24 - Execute user login using credential: eve.holt@reqres.in and password: pistol
2019-12-08 19:16:11 INFO  UserClient:29 - Visit URL: https://reqres.in/api/users
2019-12-08 19:16:11 INFO  UserClient:34 - Get 1 part of users.....
2019-12-08 19:16:12 INFO  UserClient:29 - Visit URL: https://reqres.in/api/users
2019-12-08 19:16:12 INFO  UserClient:34 - Get 2 part of users.....
2019-12-08 19:16:12 INFO  LoginUserClient:19 - Visit URL: https://reqres.in/api/login
2019-12-08 19:16:12 INFO  LoginUserClient:24 - Execute user login using credential: Olga@gmail.com and password: null
2019-12-08 19:16:12 INFO  RegisterClient:20 - Visit URL: https://reqres.in/api/register
2019-12-08 19:16:12 INFO  LoginUserBO:29 - Get error message: Missing password
2019-12-08 19:16:12 INFO  RegisterClient:25 - Register user using credential: email Olga@gmail.com, and user password: null
2019-12-08 19:16:12 INFO  UserClient:62 - Visit URL: https://reqres.in/api/users
2019-12-08 19:16:12 INFO  UserClient:67 - Update user with id: 8 with such info: JobUser(name=Volodia, job=developer)
2019-12-08 19:16:12 INFO  RegisterBO:28 - Get error message: Missing password
2019-12-08 19:16:12 INFO  UserClient:40 - Visit URL: https://reqres.in/api/users
2019-12-08 19:16:13 INFO  UserClient:45 - Get user with id: 8
2019-12-08 19:16:33 INFO  UserClient:51 - Visit URL: https://reqres.in/api/users
2019-12-08 19:16:33 INFO  UserClient:19 - Visit URL: https://reqres.in/api/users
2019-12-08 19:16:33 INFO  UserClient:40 - Visit URL: https://reqres.in/api/users
2019-12-08 19:16:35 INFO  UserClient:45 - Get user with id: 888
2019-12-08 19:16:35 INFO  UserClient:56 - Delete user with id: 8
2019-12-08 19:16:35 INFO  UserClient:23 - Create user with name: Olga and job: accountant
2019-12-08 19:16:36 INFO  UserClient:40 - Visit URL: https://reqres.in/api/users
2019-12-08 19:16:36 INFO  UserClient:45 - Get user with id: 8
2019-12-08 19:16:36 INFO  ResourceClient:35 - Get all resources.....
2019-12-08 19:16:37 INFO  ResourceClient:19 - Visit URL: https://reqres.in/api/unknown
2019-12-08 19:16:37 INFO  ResourceClient:25 - Search resource with id:  8
2019-12-08 19:16:37 INFO  RegisterClient:20 - Visit URL: https://reqres.in/api/register
2019-12-08 19:16:37 INFO  RegisterClient:25 - Register user using credential: email eve.holt@reqres.in, and user password: pistol
2019-12-08 19:16:37 INFO  ResourceClient:19 - Visit URL: https://reqres.in/api/unknown
2019-12-08 19:16:37 INFO  UserClient:40 - Visit URL: https://reqres.in/api/users
2019-12-08 19:16:37 INFO  UserClient:45 - Get user with id: 8
2019-12-08 19:16:37 INFO  ResourceClient:25 - Search resource with id:  1111
2019-12-08 19:16:37 INFO  LoginUserClient:19 - Visit URL: https://reqres.in/api/login
2019-12-08 19:16:37 INFO  LoginUserClient:24 - Execute user login using credential: eve.holt@reqres.in and password: pistol
2019-12-08 19:16:37 INFO  UserClient:29 - Visit URL: https://reqres.in/api/users
2019-12-08 19:16:37 INFO  UserClient:34 - Get 1 part of users.....
2019-12-08 19:16:37 INFO  UserClient:29 - Visit URL: https://reqres.in/api/users
2019-12-08 19:16:37 INFO  UserClient:34 - Get 2 part of users.....
2019-12-08 19:16:37 INFO  LoginUserClient:19 - Visit URL: https://reqres.in/api/login
2019-12-08 19:16:37 INFO  LoginUserClient:24 - Execute user login using credential: Olga@gmail.com and password: null
2019-12-08 19:16:38 INFO  LoginUserBO:29 - Get error message: Missing password
2019-12-08 19:16:38 INFO  RegisterClient:20 - Visit URL: https://reqres.in/api/register
2019-12-08 19:16:38 INFO  RegisterClient:25 - Register user using credential: email Olga@gmail.com, and user password: null
2019-12-08 19:16:38 INFO  UserClient:62 - Visit URL: https://reqres.in/api/users
2019-12-08 19:16:38 INFO  UserClient:67 - Update user with id: 8 with such info: JobUser(name=Volodia, job=developer)
2019-12-08 19:16:38 INFO  RegisterBO:28 - Get error message: Missing password
2019-12-08 19:16:38 INFO  UserClient:40 - Visit URL: https://reqres.in/api/users
2019-12-08 19:16:38 INFO  UserClient:45 - Get user with id: 8
